Thu Feb 13 00:12:30 +03 2025
start, LSWS running: 0
Thu Feb 13 00:12:33 +03 2025
status, LSWS running: 1
Thu Feb 13 00:13:33 +03 2025
status, LSWS running: 1
Thu Feb 13 00:14:33 +03 2025
status, LSWS running: 1
Thu Feb 13 00:15:33 +03 2025
status, LSWS running: 1
Thu Feb 13 00:16:33 +03 2025
status, LSWS running: 1
Thu Feb 13 00:17:33 +03 2025
status, LSWS running: 1
Thu Feb 13 00:18:33 +03 2025
status, LSWS running: 1
Thu Feb 13 00:19:19 +03 2025
start, LSWS running: 0
Thu Feb 13 00:19:22 +03 2025
status, LSWS running: 1
Thu Feb 13 00:20:37 +03 2025
status, LSWS running: 1
Thu Feb 13 00:21:37 +03 2025
status, LSWS running: 1
Thu Feb 13 00:22:22 +03 2025
status, LSWS running: 1
Thu Feb 13 00:23:22 +03 2025
status, LSWS running: 1
Thu Feb 13 00:24:37 +03 2025
status, LSWS running: 1
Thu Feb 13 00:25:37 +03 2025
status, LSWS running: 1
Thu Feb 13 00:26:22 +03 2025
status, LSWS running: 1
Thu Feb 13 00:27:22 +03 2025
status, LSWS running: 1
Thu Feb 13 00:27:41 +03 2025
restart, LSWS running: 1
LSWS does not restart properly, check port 7080
check port 7080 after kill all litespeed processes 
Thu Feb 13 00:28:15 +03 2025
, LSWS running: 0
Thu Feb 13 00:28:17 +03 2025
start, LSWS running: 0
Thu Feb 13 00:28:21 +03 2025
status, LSWS running: 0
Thu Feb 13 00:28:22 +03 2025
start, LSWS running: 0
LSWS does not restart properly, check port 7080
check port 7080 after kill all litespeed processes 
Thu Feb 13 00:28:41 +03 2025
status, LSWS running: 0
Thu Feb 13 00:28:42 +03 2025
start, LSWS running: 0
LSWS does not restart properly, check port 7080
check port 7080 after kill all litespeed processes 
Thu Feb 13 00:29:02 +03 2025
status, LSWS running: 0
Thu Feb 13 00:29:03 +03 2025
start, LSWS running: 0
LSWS does not restart properly, check port 7080
check port 7080 after kill all litespeed processes 
Thu Feb 13 00:29:08 +03 2025
status, LSWS running: 0
Thu Feb 13 00:29:09 +03 2025
start, LSWS running: 0
LSWS does not restart properly, check port 7080
check port 7080 after kill all litespeed processes 
Thu Feb 13 00:29:14 +03 2025
status, LSWS running: 0
Thu Feb 13 00:29:15 +03 2025
start, LSWS running: 0
LSWS does not restart properly, check port 7080
check port 7080 after kill all litespeed processes 
Thu Feb 13 00:29:20 +03 2025
status, LSWS running: 0
Thu Feb 13 00:29:21 +03 2025
start, LSWS running: 0
LSWS does not restart properly, check port 7080
check port 7080 after kill all litespeed processes 
Thu Feb 13 00:29:41 +03 2025
status, LSWS running: 0
Thu Feb 13 00:29:27 +03 2025
start, LSWS running: 0
LSWS does not restart properly, check port 7080
check port 7080 after kill all litespeed processes 
Thu Feb 13 00:29:47 +03 2025
status, LSWS running: 0
Thu Feb 13 00:29:33 +03 2025
start, LSWS running: 0
LSWS does not restart properly, check port 7080
check port 7080 after kill all litespeed processes 
Thu Feb 13 00:29:39 +03 2025
status, LSWS running: 0
Thu Feb 13 00:29:39 +03 2025
start, LSWS running: 0
LSWS does not restart properly, check port 7080
check port 7080 after kill all litespeed processes 
Thu Feb 13 00:29:45 +03 2025
status, LSWS running: 0
Thu Feb 13 00:30:00 +03 2025
start, LSWS running: 0
LSWS does not restart properly, check port 7080
check port 7080 after kill all litespeed processes 
Thu Feb 13 00:30:07 +03 2025
status, LSWS running: 0
Thu Feb 13 00:30:17 +03 2025
start, LSWS running: 0
Thu Feb 13 00:30:20 +03 2025
status, LSWS running: 1
Thu Feb 13 00:31:20 +03 2025
status, LSWS running: 1
Thu Feb 13 00:32:20 +03 2025
status, LSWS running: 1
Thu Feb 13 00:33:20 +03 2025
status, LSWS running: 1
Thu Feb 13 00:34:20 +03 2025
status, LSWS running: 1
Thu Feb 13 00:35:20 +03 2025
status, LSWS running: 1
Thu Feb 13 00:36:20 +03 2025
status, LSWS running: 1
Thu Feb 13 00:37:20 +03 2025
status, LSWS running: 1
Thu Feb 13 00:38:19 +03 2025
status, LSWS running: 1
Thu Feb 13 00:39:19 +03 2025
status, LSWS running: 1
Thu Feb 13 00:40:19 +03 2025
status, LSWS running: 1
Thu Feb 13 00:41:20 +03 2025
status, LSWS running: 1
Thu Feb 13 00:42:20 +03 2025
status, LSWS running: 1
Thu Feb 13 00:43:20 +03 2025
status, LSWS running: 1
Thu Feb 13 00:44:20 +03 2025
status, LSWS running: 1
Thu Feb 13 00:45:34 +03 2025
status, LSWS running: 1
Thu Feb 13 00:46:20 +03 2025
status, LSWS running: 1
Thu Feb 13 00:47:20 +03 2025
status, LSWS running: 1
Thu Feb 13 13:08:02 +03 2025
start, LSWS running: 0
LSWS does not restart properly, check port 7080
check port 7080 after kill all litespeed processes 
Thu Feb 13 13:08:08 +03 2025
status, LSWS running: 0
Thu Feb 13 13:08:09 +03 2025
start, LSWS running: 0
Thu Feb 13 13:09:10 +03 2025
start, LSWS running: 0
LSWS does not restart properly, check port 7080
check port 7080 after kill all litespeed processes 
Thu Feb 13 13:09:16 +03 2025
status, LSWS running: 0
Thu Feb 13 13:09:17 +03 2025
start, LSWS running: 0
LSWS does not restart properly, check port 7080
check port 7080 after kill all litespeed processes 
Thu Feb 13 13:09:23 +03 2025
status, LSWS running: 0
Thu Feb 13 13:09:24 +03 2025
start, LSWS running: 0
LSWS does not restart properly, check port 7080
check port 7080 after kill all litespeed processes 
Thu Feb 13 13:09:30 +03 2025
status, LSWS running: 0
Thu Feb 13 13:09:31 +03 2025
start, LSWS running: 0
LSWS does not restart properly, check port 7080
check port 7080 after kill all litespeed processes 
Thu Feb 13 13:09:38 +03 2025
status, LSWS running: 0
Thu Feb 13 13:09:39 +03 2025
start, LSWS running: 0
LSWS does not restart properly, check port 7080
check port 7080 after kill all litespeed processes 
Thu Feb 13 13:09:45 +03 2025
status, LSWS running: 0
Thu Feb 13 13:09:47 +03 2025
start, LSWS running: 0
LSWS does not restart properly, check port 7080
check port 7080 after kill all litespeed processes 
Thu Feb 13 13:09:54 +03 2025
status, LSWS running: 0
Thu Feb 13 13:09:57 +03 2025
start, LSWS running: 0
LSWS does not restart properly, check port 7080
check port 7080 after kill all litespeed processes 
Thu Feb 13 13:10:04 +03 2025
status, LSWS running: 0
Thu Feb 13 13:10:11 +03 2025
start, LSWS running: 0
LSWS does not restart properly, check port 7080
check port 7080 after kill all litespeed processes 
Thu Feb 13 13:10:17 +03 2025
status, LSWS running: 0
Thu Feb 13 13:10:30 +03 2025
start, LSWS running: 0
LSWS does not restart properly, check port 7080
check port 7080 after kill all litespeed processes 
Thu Feb 13 13:10:36 +03 2025
status, LSWS running: 0
Thu Feb 13 13:11:03 +03 2025
start, LSWS running: 0
LSWS does not restart properly, check port 7080
check port 7080 after kill all litespeed processes 
Thu Feb 13 13:11:09 +03 2025
status, LSWS running: 0
Thu Feb 13 13:12:01 +03 2025
start, LSWS running: 0
LSWS does not restart properly, check port 7080
check port 7080 after kill all litespeed processes 
Thu Feb 13 13:12:07 +03 2025
status, LSWS running: 0
Thu Feb 13 13:12:08 +03 2025
start, LSWS running: 0
LSWS does not restart properly, check port 7080
check port 7080 after kill all litespeed processes 
Thu Feb 13 13:12:14 +03 2025
status, LSWS running: 0
Thu Feb 13 13:13:00 +03 2025
start, LSWS running: 0
Thu Feb 13 13:13:03 +03 2025
status, LSWS running: 1
Thu Feb 13 13:14:03 +03 2025
status, LSWS running: 1
Thu Feb 13 13:15:03 +03 2025
status, LSWS running: 1
Thu Feb 13 13:16:03 +03 2025
status, LSWS running: 1
Thu Feb 13 13:17:03 +03 2025
status, LSWS running: 1
Thu Feb 13 13:18:03 +03 2025
status, LSWS running: 1
Thu Feb 13 13:19:03 +03 2025
status, LSWS running: 1
Thu Feb 13 13:20:03 +03 2025
status, LSWS running: 1
Thu Feb 13 13:21:03 +03 2025
status, LSWS running: 1
Thu Feb 13 13:22:03 +03 2025
status, LSWS running: 1
Thu Feb 13 13:23:03 +03 2025
status, LSWS running: 1
Thu Feb 13 13:23:56 +03 2025
start, LSWS running: 0
Thu Feb 13 13:23:58 +03 2025
status, LSWS running: 1
Thu Feb 13 13:24:58 +03 2025
status, LSWS running: 1
Thu Feb 13 13:25:58 +03 2025
status, LSWS running: 1
Thu Feb 13 13:26:58 +03 2025
status, LSWS running: 1
Thu Feb 13 13:27:58 +03 2025
status, LSWS running: 1
Thu Feb 13 13:28:58 +03 2025
status, LSWS running: 1
Thu Feb 13 13:29:58 +03 2025
status, LSWS running: 1
Thu Feb 13 13:30:58 +03 2025
status, LSWS running: 1
Thu Feb 13 13:31:58 +03 2025
status, LSWS running: 1
Thu Feb 13 13:32:58 +03 2025
status, LSWS running: 1
Thu Feb 13 13:33:41 +03 2025
restart, LSWS running: 1
Thu Feb 13 13:33:58 +03 2025
status, LSWS running: 1
Thu Feb 13 13:34:58 +03 2025
status, LSWS running: 1
Thu Feb 13 13:35:07 +03 2025
restart, LSWS running: 1
Thu Feb 13 13:35:58 +03 2025
status, LSWS running: 1
Thu Feb 13 13:36:58 +03 2025
status, LSWS running: 1
Thu Feb 13 13:37:58 +03 2025
status, LSWS running: 1
Thu Feb 13 13:38:58 +03 2025
status, LSWS running: 1
Thu Feb 13 13:39:58 +03 2025
status, LSWS running: 1
Thu Feb 13 13:40:58 +03 2025
status, LSWS running: 1
Thu Feb 13 13:41:58 +03 2025
status, LSWS running: 1
Thu Feb 13 13:42:58 +03 2025
status, LSWS running: 1
Thu Feb 13 13:43:58 +03 2025
status, LSWS running: 1
Thu Feb 13 13:44:58 +03 2025
status, LSWS running: 1
Thu Feb 13 13:45:58 +03 2025
status, LSWS running: 1
Thu Feb 13 13:46:58 +03 2025
status, LSWS running: 1
Thu Feb 13 13:47:58 +03 2025
status, LSWS running: 1
Thu Feb 13 13:48:58 +03 2025
status, LSWS running: 1
Thu Feb 13 13:49:58 +03 2025
status, LSWS running: 1
Thu Feb 13 13:50:58 +03 2025
status, LSWS running: 1
Thu Feb 13 13:51:58 +03 2025
status, LSWS running: 1
Thu Feb 13 13:52:58 +03 2025
status, LSWS running: 1
Thu Feb 13 13:53:58 +03 2025
status, LSWS running: 0
Thu Feb 13 13:53:59 +03 2025
start, LSWS running: 0
LSWS does not restart properly, check port 7080
check port 7080 after kill all litespeed processes 
Thu Feb 13 13:54:04 +03 2025
status, LSWS running: 0
Thu Feb 13 13:54:05 +03 2025
start, LSWS running: 0
LSWS does not restart properly, check port 7080
check port 7080 after kill all litespeed processes 
Thu Feb 13 13:54:11 +03 2025
status, LSWS running: 0
Thu Feb 13 13:54:11 +03 2025
start, LSWS running: 0
LSWS does not restart properly, check port 7080
check port 7080 after kill all litespeed processes 
Thu Feb 13 13:54:17 +03 2025
status, LSWS running: 0
Thu Feb 13 13:54:18 +03 2025
start, LSWS running: 0
LSWS does not restart properly, check port 7080
check port 7080 after kill all litespeed processes 
Thu Feb 13 13:54:24 +03 2025
status, LSWS running: 0
Thu Feb 13 13:54:26 +03 2025
start, LSWS running: 0
LSWS does not restart properly, check port 7080
check port 7080 after kill all litespeed processes 
Thu Feb 13 13:54:31 +03 2025
status, LSWS running: 0
Thu Feb 13 13:54:33 +03 2025
start, LSWS running: 0
LSWS does not restart properly, check port 7080
check port 7080 after kill all litespeed processes 
Thu Feb 13 13:54:38 +03 2025
status, LSWS running: 0
Thu Feb 13 13:54:39 +03 2025
start, LSWS running: 0
LSWS does not restart properly, check port 7080
check port 7080 after kill all litespeed processes 
Thu Feb 13 13:54:44 +03 2025
status, LSWS running: 0
Thu Feb 13 13:54:45 +03 2025
start, LSWS running: 0
LSWS does not restart properly, check port 7080
check port 7080 after kill all litespeed processes 
Thu Feb 13 13:54:50 +03 2025
status, LSWS running: 0
Thu Feb 13 13:54:51 +03 2025
start, LSWS running: 0
LSWS does not restart properly, check port 7080
check port 7080 after kill all litespeed processes 
Thu Feb 13 13:54:57 +03 2025
status, LSWS running: 0
Thu Feb 13 13:54:58 +03 2025
start, LSWS running: 0
Thu Feb 13 13:55:01 +03 2025
status, LSWS running: 1
Thu Feb 13 13:56:01 +03 2025
status, LSWS running: 1
Thu Feb 13 13:57:01 +03 2025
status, LSWS running: 1
Thu Feb 13 13:58:01 +03 2025
status, LSWS running: 1
Thu Feb 13 13:59:01 +03 2025
status, LSWS running: 1
Thu Feb 13 14:00:01 +03 2025
status, LSWS running: 1
Thu Feb 13 14:01:01 +03 2025
status, LSWS running: 1
Thu Feb 13 14:02:01 +03 2025
status, LSWS running: 1
Thu Feb 13 14:03:01 +03 2025
status, LSWS running: 1
Thu Feb 13 14:04:01 +03 2025
status, LSWS running: 1
Thu Feb 13 14:05:01 +03 2025
status, LSWS running: 1
Thu Feb 13 14:06:01 +03 2025
status, LSWS running: 1
Thu Feb 13 14:07:01 +03 2025
status, LSWS running: 1
Thu Feb 13 14:08:01 +03 2025
status, LSWS running: 1
Thu Feb 13 14:09:01 +03 2025
status, LSWS running: 1
Thu Feb 13 14:10:01 +03 2025
status, LSWS running: 1
Thu Feb 13 14:11:01 +03 2025
status, LSWS running: 1
Thu Feb 13 14:12:02 +03 2025
status, LSWS running: 1
Thu Feb 13 14:13:02 +03 2025
status, LSWS running: 1
Thu Feb 13 14:14:02 +03 2025
status, LSWS running: 1
Thu Feb 13 14:15:02 +03 2025
status, LSWS running: 1
Thu Feb 13 14:16:02 +03 2025
status, LSWS running: 1
Thu Feb 13 14:17:02 +03 2025
status, LSWS running: 1
Thu Feb 13 14:18:02 +03 2025
status, LSWS running: 1
Thu Feb 13 14:19:02 +03 2025
status, LSWS running: 1
Thu Feb 13 14:20:02 +03 2025
status, LSWS running: 1
Thu Feb 13 14:21:02 +03 2025
status, LSWS running: 1
Thu Feb 13 14:22:02 +03 2025
status, LSWS running: 1
Thu Feb 13 14:23:02 +03 2025
status, LSWS running: 1
Thu Feb 13 14:24:02 +03 2025
status, LSWS running: 1
Thu Feb 13 14:25:02 +03 2025
status, LSWS running: 1
Thu Feb 13 14:26:02 +03 2025
status, LSWS running: 1
Thu Feb 13 14:27:02 +03 2025
status, LSWS running: 1
Thu Feb 13 14:28:02 +03 2025
status, LSWS running: 1
Thu Feb 13 14:29:02 +03 2025
status, LSWS running: 1
Thu Feb 13 14:30:02 +03 2025
status, LSWS running: 1
Thu Feb 13 14:31:02 +03 2025
status, LSWS running: 1
Thu Feb 13 14:32:02 +03 2025
status, LSWS running: 1
Thu Feb 13 14:33:02 +03 2025
status, LSWS running: 1
Thu Feb 13 14:34:02 +03 2025
status, LSWS running: 1
Thu Feb 13 14:35:02 +03 2025
status, LSWS running: 1
Thu Feb 13 14:36:02 +03 2025
status, LSWS running: 1
